2026-02-14T19:44:57.611Z [console][error] A tree hydrated but some attributes of the server rendered HTML didn't match the client properties. This won't be patched up. This can happen if a SSR-ed Client Component used:

- A server/client branch `if (typeof window !== 'undefined')`.
- Variable input such as `Date.now()` or `Math.random()` which changes each time it's called.
- Date formatting in a user's locale which doesn't match the server.
- External changing data without sending a snapshot of it along with the HTML.
- Invalid HTML tag nesting.

It can also happen if the client has a browser extension installed which messes with the HTML before React loaded.

%s%s https://react.dev/link/hydration-mismatch 

  ...
    <OuterLayoutRouter parallelRouterKey="children" template={<RenderFromTemplateContext>}>
      <RenderFromTemplateContext>
        <ScrollAndFocusHandler segmentPath={[...]}>
          <InnerScrollAndFocusHandler segmentPath={[...]} focusAndScrollRef={{apply:false, ...}}>
            <ErrorBoundary errorComponent={undefined} errorStyles={undefined} errorScripts={undefined}>
              <LoadingBoundary loading={null}>
                <HTTPAccessFallbackBoundary notFound={undefined} forbidden={undefined} unauthorized={undefined}>
                  <RedirectBoundary>
                    <RedirectErrorBoundary router={{...}}>
                      <InnerLayoutRouter url="/about" tree={[...]} cacheNode={{lazyData:null, ...}} segmentPath={[...]}>
                        <AboutPage>
                          <div
                            data-orchids-id="src\app\about\page.tsx:24:4"
                            data-orchids-name="div"
                            className="min-h-screen bg-white"
                            dir="rtl"
-                           data-orchid-ref="ref-yk9fbdd5gk"
                          >
                            <Header>
                              <header
                                data-orchids-id="src\components\sections\Header.tsx:34:4"
             ...
2026-02-14T19:51:24.691Z [console][error] The resource http://localhost:3000/_next/static/chunks/src_app_globals_b805903d.css was preloaded using link preload but not used within a few seconds from the window's load event. Please make sure it has an appropriate `as` value and it is preloaded intentionally.
2026-02-14T19:51:49.751Z [console][error] The resource http://localhost:3000/_next/static/chunks/src_app_globals_b805903d.css was preloaded using link preload but not used within a few seconds from the window's load event. Please make sure it has an appropriate `as` value and it is preloaded intentionally.
2026-02-14T19:51:56.977Z [console][error] The resource http://localhost:3000/_next/static/chunks/src_app_globals_b805903d.css was preloaded using link preload but not used within a few seconds from the window's load event. Please make sure it has an appropriate `as` value and it is preloaded intentionally.
2026-02-14T19:56:50.332Z [console][error] The resource http://localhost:3000/_next/static/chunks/src_app_globals_b805903d.css was preloaded using link preload but not used within a few seconds from the window's load event. Please make sure it has an appropriate `as` value and it is preloaded intentionally.
2026-02-14T19:56:53.586Z [console][error] The resource http://localhost:3000/_next/static/chunks/src_app_globals_b805903d.css was preloaded using link preload but not used within a few seconds from the window's load event. Please make sure it has an appropriate `as` value and it is preloaded intentionally.
2026-02-14T19:58:19.751Z [console][error] The resource http://localhost:3000/_next/static/chunks/src_app_globals_b805903d.css was preloaded using link preload but not used within a few seconds from the window's load event. Please make sure it has an appropriate `as` value and it is preloaded intentionally.
2026-02-14T20:42:38.223Z [console][error] The resource http://localhost:3000/_next/static/chunks/src_app_globals_b805903d.css was preloaded using link preload but not used within a few seconds from the window's load event. Please make sure it has an appropriate `as` value and it is preloaded intentionally.
2026-02-14T20:42:41.455Z [console][error] The resource http://localhost:3000/_next/static/chunks/src_app_globals_b805903d.css was preloaded using link preload but not used within a few seconds from the window's load event. Please make sure it has an appropriate `as` value and it is preloaded intentionally.
2026-03-05T15:02:11.517Z [console][error] Uncaught Error: ./src/lib/actions.ts:43:8
Ecmascript file had an error
  41 |
  42 |
> 43 | export function normalizeImageUrl(url: string | null | undefined): string | null {
     |        ^^^^^^^^^^^^^^^^^^^^^^^^^^^^^^^^^^^^^^^^^^^^^^^^^^^^^^^^^^^^^^^^^^^^^^^^^^^
> 44 |   if (!url) return null;
     | ^^^^^^^^^^^^^^^^^^^^^^^^
> 45 |   if (url.startsWith('http') || url.startsWith('/') || url.startsWith('data:')) {
     | ^^^^^^^^^^^^^^^^^^^^^^^^
> 46 |     return url;
     | ^^^^^^^^^^^^^^^^^^^^^^^^
> 47 |   }
     | ^^^^^^^^^^^^^^^^^^^^^^^^
> 48 |   return '/uploads/' + url;
     | ^^^^^^^^^^^^^^^^^^^^^^^^
> 49 | }
     | ^^
  50 |
  51 | function getRows(result: any): any[] {
  52 |   if (Array.isArray(result) && result.length === 2 && Array.isArray(result[0]) && Array.isArray(result[1])) {

Server Actions must be async functions.



2026-03-05T15:02:11.532Z [console][error] ./src/lib/actions.ts:43:8
Ecmascript file had an error
  41 |
  42 |
> 43 | export function normalizeImageUrl(url: string | null | undefined): string | null {
     |        ^^^^^^^^^^^^^^^^^^^^^^^^^^^^^^^^^^^^^^^^^^^^^^^^^^^^^^^^^^^^^^^^^^^^^^^^^^^
> 44 |   if (!url) return null;
     | ^^^^^^^^^^^^^^^^^^^^^^^^
> 45 |   if (url.startsWith('http') || url.startsWith('/') || url.startsWith('data:')) {
     | ^^^^^^^^^^^^^^^^^^^^^^^^
> 46 |     return url;
     | ^^^^^^^^^^^^^^^^^^^^^^^^
> 47 |   }
     | ^^^^^^^^^^^^^^^^^^^^^^^^
> 48 |   return '/uploads/' + url;
     | ^^^^^^^^^^^^^^^^^^^^^^^^
> 49 | }
     | ^^
  50 |
  51 | function getRows(result: any): any[] {
  52 |   if (Array.isArray(result) && result.length === 2 && Array.isArray(result[0]) && Array.isArray(result[1])) {

Server Actions must be async functions.
2026-03-05T15:02:11.632Z [console][error] ./src/lib/actions.ts:43:8
Ecmascript file had an error
  41 |
  42 |
> 43 | export function normalizeImageUrl(url: string | null | undefined): string | null {
     |        ^^^^^^^^^^^^^^^^^^^^^^^^^^^^^^^^^^^^^^^^^^^^^^^^^^^^^^^^^^^^^^^^^^^^^^^^^^^
> 44 |   if (!url) return null;
     | ^^^^^^^^^^^^^^^^^^^^^^^^
> 45 |   if (url.startsWith('http') || url.startsWith('/') || url.startsWith('data:')) {
     | ^^^^^^^^^^^^^^^^^^^^^^^^
> 46 |     return url;
     | ^^^^^^^^^^^^^^^^^^^^^^^^
> 47 |   }
     | ^^^^^^^^^^^^^^^^^^^^^^^^
> 48 |   return '/uploads/' + url;
     | ^^^^^^^^^^^^^^^^^^^^^^^^
> 49 | }
     | ^^
  50 |
  51 | function getRows(result: any): any[] {
  52 |   if (Array.isArray(result) && result.length === 2 && Array.isArray(result[0]) && Array.isArray(result[1])) {

Server Actions must be async functions.
2026-03-05T15:02:11.633Z [console][error] ./src/lib/actions.ts:43:8
Ecmascript file had an error
  41 |
  42 |
> 43 | export function normalizeImageUrl(url: string | null | undefined): string | null {
     |        ^^^^^^^^^^^^^^^^^^^^^^^^^^^^^^^^^^^^^^^^^^^^^^^^^^^^^^^^^^^^^^^^^^^^^^^^^^^
> 44 |   if (!url) return null;
     | ^^^^^^^^^^^^^^^^^^^^^^^^
> 45 |   if (url.startsWith('http') || url.startsWith('/') || url.startsWith('data:')) {
     | ^^^^^^^^^^^^^^^^^^^^^^^^
> 46 |     return url;
     | ^^^^^^^^^^^^^^^^^^^^^^^^
> 47 |   }
     | ^^^^^^^^^^^^^^^^^^^^^^^^
> 48 |   return '/uploads/' + url;
     | ^^^^^^^^^^^^^^^^^^^^^^^^
> 49 | }
     | ^^
  50 |
  51 | function getRows(result: any): any[] {
  52 |   if (Array.isArray(result) && result.length === 2 && Array.isArray(result[0]) && Array.isArray(result[1])) {

Server Actions must be async functions.
2026-03-05T18:17:44.239Z [console][warn] %cDownload the React DevTools for a better development experience: https://react.dev/link/react-devtools font-weight:bold
2026-03-05T18:17:44.396Z [console][warn] [Fast Refresh] rebuilding
2026-03-05T18:17:45.346Z [console][warn] [Fast Refresh] done in 1052ms
2026-03-05T18:17:45.904Z [console][warn] [Fast Refresh] rebuilding
2026-03-05T18:17:46.492Z [console][warn] [Fast Refresh] done in 689ms
2026-03-05T18:17:46.611Z [console][warn] [Fast Refresh] rebuilding
2026-03-05T18:17:46.614Z [console][warn] [Fast Refresh] done in 114ms
2026-03-05T18:17:51.603Z [console][error] The resource http://localhost:3000/_next/static/chunks/src_app_globals_b805903d.css was preloaded using link preload but not used within a few seconds from the window's load event. Please make sure it has an appropriate `as` value and it is preloaded intentionally.
2026-03-05T18:17:45.346Z [console][log] [Fast Refresh] done in 1052ms
2026-03-05T18:17:45.905Z [console][log] [Fast Refresh] rebuilding
2026-03-05T18:17:46.492Z [console][log] [Fast Refresh] done in 689ms
2026-03-05T18:17:46.611Z [console][log] [Fast Refresh] rebuilding
2026-03-05T18:17:46.614Z [console][log] [Fast Refresh] done in 114ms
2026-03-05T18:17:48.084Z [network][GET 200] /api/posts?page=0&limit=10
  response: {"data":[{"id":8,"title":"لەخزمەت خۆشەویستدا","excerpt":"زنجیرە بابەتیک لەخزمەت سەروەدا","content":"<p>زنجیرە بابەتیک لەخزمەت سەروەدا</p>","category":null,"category_id":2,"sub_category_id":null,"image_url":"/uploads/1772722394875-mzwbqdc0awq.jpg","status":"published","author_id":"30fe2a93-c1e7-4aea-bc36-017ed4caeb52","created_at":"2026-03-05 14:53:55","views":14},{"id":7,"title":"ئامادەكاری بۆ شەوانی قەدر","excerpt":"ئامادەكاری بۆ شەوانی قەدر.","content":"<p>ئامادەكاری بۆ شەوانی قەدرئامادەكاری بۆ شەوانی قەدر</p><p></p>","category":null,"category_id":2,"sub_category_id":null,"image_url":"/uploads/1772694062962-yhk7ngd152k.png","status":"published","author_id":"30fe2a93-c1e7-4aea-bc36-017ed4caeb52","created_at":"2026-03-02 07:20:07","views":1},{"id":6,"title":"پرۆژەى لەبەر کردنى سورەتى الکهف ","excerpt":"پرۆژەى لەبەر کردنى سورەتى الکهف بە راڤەوە.","content":"<hr><p><strong>بسم الله الرحمن الرحيم</strong> <strong>السلام عليكم ورحمة الله وبركاته</strong></p><h2>[ لەگەڵ قورئان ]</h2><p>پرۆژەیەکی قورئانی لە لایەن <strong>رێکخراوی کوردی چوار</strong> بۆ هەموو هاوڕێیان و خۆشەویستانی <strong>حیفز و تەدەبور</strong> لە قورئانی پیرۆزدا.</p><h3>مەبەست:</h3><p>بۆ زیاتر تێگەیشتن و جێبەجێکردنی قورئانی پیرۆز، بەژداربن لە پرۆژەی لەبەرکردنی سوورەتی <strong>الکهف</strong> بە حیفز و ڕاڤە.</p><hr><h3>ڕێنماییەکان:</h3><p><strong>• بەژداربوون:</strong></p><ul><li><p>کراوەیە بۆ هەموو تەمەن و ئاستێک (ئافرەتان و پیاوان)</p></li></ul><p><strong>• مەرجەکان:</strong></p><ul><li><p>بەژداربوو پێویستە تاقیکردنەوەی <strong>حیفز</strong> و <strong>تەفسیر</strong> هەردووکیان ئەنجام بدات</p></li></ul><p><strong>• سەرچاوەی تەفسیر:</strong></p><ul><li><p>کورتە وانەکانی <strong>م. حیکمەت برادۆستی</strong> و <strong>تەفسیری تەوحیدی</strong></p></li></ul><p><strong>• شێوازی تاقیکردنەوە:</strong></p><ol><li><p><strong>تەفسیر:</strong> بە شێوەی نووسراو</p></li><li><p><strong>حیفز:</strong> بە پێی پێویست (زارەکی یان نووسراو بەگوێرەی ژمارەی بەژداربووان)</p></li></ol><p><strong>• کاتی تاقیکردنەوە:</strong></p><... [truncated]
2026-03-05T18:17:48.360Z [network][GET 200] /api/categories
  response: [{"id":1,"name":"زانست","slug":"science","parent_id":null,"count":0},{"id":4,"name":"تەندروستی","slug":"health","parent_id":null,"count":0},{"id":3,"name":"تەکنەلۆژیا","slug":"technology","parent_id":null,"count":0},{"id":2,"name":"پەروەردە","slug":"education","parent_id":null,"count":4}]
2026-03-05T18:59:25.422Z [console][log] [Fast Refresh] rebuilding
2026-03-05T18:59:26.485Z [console][log] [Fast Refresh] done in 1165ms
2026-03-05T18:59:26.635Z [console][log] [Fast Refresh] rebuilding
2026-03-05T18:59:26.856Z [console][log] [Fast Refresh] done in 323ms
2026-03-05T18:59:26.913Z [console][debug] __ORCHIDS_NAVIGATE__ http://localhost:3000/
2026-03-05T18:59:30.895Z [console][log] [Fast Refresh] rebuilding
2026-03-05T18:59:31.068Z [console][log] [Fast Refresh] done in 285ms
2026-03-05T19:00:02.646Z [console][log] [Fast Refresh] rebuilding
2026-03-05T19:00:02.886Z [console][log] [Fast Refresh] done in 316ms
2026-03-05T19:00:37.366Z [console][debug] __ORCHIDS_VISUALEDIT_CLICK__ {"tagName":"p","id":null,"className":"text-white/60 leading-relaxed max-w-sm","textContent":"ڕێکخراوێکی ناحکومی تایبەت بە گەشەپێدانی زانست و پەروەردە لە کوردستان. ئێمە کار دەکەین بۆ بونیادنانی ","attributes":{"data-orchids-id":"src\\components\\sections\\Footer.tsx:26:12","data-orchids-name":"p","class":"text-white/60 leading-relaxed max-w-sm"},"position":{"x":1104,"y":677},"boundingRect":{"top":658.75,"left":904,"width":384,"height":78},"computedStyles":{"display":"block","position":"static","verticalAlign":"baseline","width":"384px","height":"78px","maxWidth":"384px","boxSizing":"border-box","fontFamily":"\"Noto Sans Arabic\", sans-serif","fontSize":"16px","fontWeight":"400","lineHeight":"26px","textAlign":"start","textDecoration":"none solid oklab(0.999994 0.0000455677 0.0000200868 / 0.6)","textOverflow":"clip","color":"oklab(0.999994 0.0000455677 0.0000200868 / 0.6)","opacity":"1","border":"0px solid rgb(238, 238, 238)","borderTop":"0px solid rgb(238, 238, 238)","borderRight":"0px solid rgb(238, 238, 238)","borderBottom":"0px solid rgb(238, 238, 238)","borderLeft":"0px solid rgb(238, 238, 238)","borderStyle":"solid","borderColor":"rgb(238, 238, 238)","outline":"oklab(0.999994 0.0000455677 0.0000200868 / 0.6) none 0px","outlineColor":"oklab(0.999994 0.0000455677 0.0000200868 / 0.6)","transformOrigin":"192px 39px","perspectiveOrigin":"192px 39px","transition":"all","transitionProperty":"all","transitionDuration":"0s","transitionTimingFunction":"ease","transitionDelay":"0s","animation":"none 0s ease 0s 1 normal none running","animationDuration":"0s","animationTimingFunction":"ease","animationDelay":"0s","animationIterationCount":"1","overflow":"visible","overflowX":"visible","overflowY":"visible","flex":"0 1 auto","flexDirection":"row","flexWrap":"nowrap","flexFlow":"row nowrap","flexGrow":"0","flexShrink":"1","grid":"none / none / none / row / auto / auto","gridAutoFlow":"row","background":"rgba(0, 0, 0, 0) none repeat scroll 0% 0% / a...
2026-03-05T18:53:58.814Z [network][GET 200] /api/posts?page=0&limit=10
  response: {"data":[{"id":8,"title":"لەخزمەت خۆشەویستدا","excerpt":"زنجیرە بابەتیک لەخزمەت سەروەدا","content":"<p>زنجیرە بابەتیک لەخزمەت سەروەدا</p>","category":null,"category_id":2,"sub_category_id":null,"image_url":"/uploads/1772735716836-unobecjap2i.jpg","status":"published","author_id":"30fe2a93-c1e7-4aea-bc36-017ed4caeb52","created_at":"2026-03-05 14:53:55","views":3},{"id":6,"title":"پرۆژەى لەبەر کردنى سورەتى الکهف ","excerpt":"پرۆژەى لەبەر کردنى سورەتى الکهف بە راڤەوە.","content":"<hr><p><strong>بسم الله الرحمن الرحيم</strong> <strong>السلام عليكم ورحمة الله وبركاته</strong></p><h2>[ لەگەڵ قورئان ]</h2><p>پرۆژەیەکی قورئانی لە لایەن <strong>رێکخراوی کوردی چوار</strong> بۆ هەموو هاوڕێیان و خۆشەویستانی <strong>حیفز و تەدەبور</strong> لە قورئانی پیرۆزدا.</p><h3>مەبەست:</h3><p>بۆ زیاتر تێگەیشتن و جێبەجێکردنی قورئانی پیرۆز، بەژداربن لە پرۆژەی لەبەرکردنی سوورەتی <strong>الکهف</strong> بە حیفز و ڕاڤە.</p><hr><h3>ڕێنماییەکان:</h3><p><strong>• بەژداربوون:</strong></p><ul><li><p>کراوەیە بۆ هەموو تەمەن و ئاستێک (ئافرەتان و پیاوان)</p></li></ul><p><strong>• مەرجەکان:</strong></p><ul><li><p>بەژداربوو پێویستە تاقیکردنەوەی <strong>حیفز</strong> و <strong>تەفسیر</strong> هەردووکیان ئەنجام بدات</p></li></ul><p><strong>• سەرچاوەی تەفسیر:</strong></p><ul><li><p>کورتە وانەکانی <strong>م. حیکمەت برادۆستی</strong> و <strong>تەفسیری تەوحیدی</strong></p></li></ul><p><strong>• شێوازی تاقیکردنەوە:</strong></p><ol><li><p><strong>تەفسیر:</strong> بە شێوەی نووسراو</p></li><li><p><strong>حیفز:</strong> بە پێی پێویست (زارەکی یان نووسراو بەگوێرەی ژمارەی بەژداربووان)</p></li></ol><p><strong>• کاتی تاقیکردنەوە:</strong></p><ul><li><p>لە ماوەی مانگی <strong>چوار (ڕەبیع الثانی)</strong></p></li></ul><hr><h3>خەڵاتەکان:</h3><p>لە کۆتاییدا خەڵاتی نرخدار دابەش دەکرێت:</p><p>✅ چەند گەشتێکی <strong>عومرە</strong> بۆ ماڵی خوا ✅ <strong>تابلێت</strong> ✅ خەڵاتی زیاتری تر</p><hr><p><strong>بەژداربن و بەرەکەتدار بن! 🌙📖</strong></p>","category":null,"category_id":2,"sub_category_id":null,"image_url":"/uploads/17727... [truncated]
2026-03-05T18:53:59.663Z [network][GET 200] /api/categories
  response: [{"id":1,"name":"زانست","slug":"science","parent_id":null,"count":0},{"id":4,"name":"تەندروستی","slug":"health","parent_id":null,"count":0},{"id":3,"name":"تەکنەلۆژیا","slug":"technology","parent_id":null,"count":0},{"id":2,"name":"پەروەردە","slug":"education","parent_id":null,"count":3}]
2026-03-05T18:58:34.227Z [network][GET 200] 
  response: 1:"$Sreact.fragment"
3:I["[project]/node_modules/next/dist/client/components/layout-router.js [app-client] (ecmascript)",["/_next/static/chunks/node_modules_next_dist_1a6ee436._.js","/_next/static/chunks/src_app_favicon_ico_mjs_756fb309._.js"],"default"]
4:I["[project]/src/app/error.tsx [app-client] (ecmascript)",["/_next/static/chunks/src_4ac4d8c3._.js","/_next/static/chunks/node_modules_85b82ee2._.js","/_next/static/chunks/src_app_layout_tsx_007ca514._.js","/_next/static/chunks/node_modules_c675ee55._.js","/_next/static/chunks/src_f98afc6e._.js","/_next/static/chunks/src_app_error_tsx_22aec706._.js"],"default"]
8:I["[project]/node_modules/next/dist/client/components/metadata/metadata-boundary.js [app-client] (ecmascript)",["/_next/static/chunks/node_modules_next_dist_1a6ee436._.js","/_next/static/chunks/src_app_favicon_ico_mjs_756fb309._.js"],"OutletBoundary"]
f:I["[project]/node_modules/next/dist/client/components/metadata/async-metadata.js [app-client] (ecmascript)",["/_next/static/chunks/node_modules_next_dist_1a6ee436._.js","/_next/static/chunks/src_app_favicon_ico_mjs_756fb309._.js"],"AsyncMetadataOutlet"]
15:I["[project]/node_modules/next/dist/client/components/metadata/metadata-boundary.js [app-client] (ecmascript)",["/_next/static/chunks/node_modules_next_dist_1a6ee436._.js","/_next/static/chunks/src_app_favicon_ico_mjs_756fb309._.js"],"ViewportBoundary"]
1a:I["[project]/node_modules/next/dist/client/components/metadata/metadata-boundary.js [app-client] (ecmascript)",["/_next/static/chunks/node_modules_next_dist_1a6ee436._.js","/_next/static/chunks/src_app_favicon_ico_mjs_756fb309._.js"],"MetadataBoundary"]
1d:"$Sreact.suspense"
1e:I["[project]/node_modules/next/dist/client/components/metadata/async-metadata.js [app-client] (ecmascript)",["/_next/static/chunks/node_modules_next_dist_1a6ee436._.js","/_next/static/chunks/src_app_favicon_ico_mjs_756fb309._.js"],"AsyncMetadata"]
5:{"name":"RootLayout","env":"Server","key":null,"owner":null,"stack":[],"props":{... [truncated]
2026-03-05T18:59:26.890Z [network][GET 200] 
  response: 1:"$Sreact.fragment"
3:I["[project]/node_modules/next/dist/client/components/layout-router.js [app-client] (ecmascript)",["/_next/static/chunks/node_modules_next_dist_1a6ee436._.js","/_next/static/chunks/src_app_favicon_ico_mjs_756fb309._.js"],"default"]
4:I["[project]/src/app/error.tsx [app-client] (ecmascript)",["/_next/static/chunks/src_4ac4d8c3._.js","/_next/static/chunks/node_modules_85b82ee2._.js","/_next/static/chunks/src_app_layout_tsx_007ca514._.js","/_next/static/chunks/node_modules_c675ee55._.js","/_next/static/chunks/src_f98afc6e._.js","/_next/static/chunks/src_app_error_tsx_22aec706._.js"],"default"]
8:I["[project]/node_modules/next/dist/client/components/metadata/metadata-boundary.js [app-client] (ecmascript)",["/_next/static/chunks/node_modules_next_dist_1a6ee436._.js","/_next/static/chunks/src_app_favicon_ico_mjs_756fb309._.js"],"OutletBoundary"]
f:I["[project]/node_modules/next/dist/client/components/metadata/async-metadata.js [app-client] (ecmascript)",["/_next/static/chunks/node_modules_next_dist_1a6ee436._.js","/_next/static/chunks/src_app_favicon_ico_mjs_756fb309._.js"],"AsyncMetadataOutlet"]
15:I["[project]/node_modules/next/dist/client/components/metadata/metadata-boundary.js [app-client] (ecmascript)",["/_next/static/chunks/node_modules_next_dist_1a6ee436._.js","/_next/static/chunks/src_app_favicon_ico_mjs_756fb309._.js"],"ViewportBoundary"]
1a:I["[project]/node_modules/next/dist/client/components/metadata/metadata-boundary.js [app-client] (ecmascript)",["/_next/static/chunks/node_modules_next_dist_1a6ee436._.js","/_next/static/chunks/src_app_favicon_ico_mjs_756fb309._.js"],"MetadataBoundary"]
1d:"$Sreact.suspense"
1e:I["[project]/node_modules/next/dist/client/components/metadata/async-metadata.js [app-client] (ecmascript)",["/_next/static/chunks/node_modules_next_dist_1a6ee436._.js","/_next/static/chunks/src_app_favicon_ico_mjs_756fb309._.js"],"AsyncMetadata"]
5:{"name":"RootLayout","env":"Server","key":null,"owner":null,"stack":[],"props":{... [truncated]
